#
# A fatal error has been detected by the Java Runtime Environment:
#
#  SIGSEGV (0xb) at pc=0x000000010aa68d11, pid=1671, tid=25091
#
# JRE version: Java(TM) SE Runtime Environment (14.0.2+12) (build 14.0.2+12-46)
# Java VM: Java HotSpot(TM) 64-Bit Server VM (14.0.2+12-46, mixed mode, sharing, tiered, compressed oops, g1 gc, bsd-amd64)
# Problematic frame:
# V  [libjvm.dylib+0x668d11]  SignatureIterator::expect(char)+0x11
#
# No core dump will be written. Core dumps have been disabled. To enable core dumping, try "ulimit -c unlimited" before starting Java again
#
# If you would like to submit a bug report, please visit:
#   https://bugreport.java.com/bugreport/crash.jsp
#

---------------  S U M M A R Y ------------

Command Line: -XX:+ShowCodeDetailsInExceptionMessages -agentlib:jdwp=transport=dt_socket,suspend=y,address=localhost:49941 -javaagent:/Applications/Eclipse.app/Contents/Eclipse/configuration/org.eclipse.osgi/644/0/.cp/lib/javaagent-shaded.jar -Dfile.encoding=UTF-8 --module-path=/Users/allanhu/Documents/Computer_Science_Workspace/pies/bin -Djdk.module.main=pies pies/pies.PieCounter

Host: MacBookPro12,1 x86_64 2700 MHz, 4 cores, 8G, Darwin 19.6.0
Time: Sun Feb  7 14:09:21 2021 MST elapsed time: 120 seconds (0d 0h 2m 0s)

---------------  T H R E A D  ---------------

Current thread (0x00007fb4d8058000):  JavaThread "JDWP Transport Listener: dt_socket" daemon [_thread_in_vm, id=25091, stack(0x0000700007da8000,0x0000700007ea8000)] _threads_hazard_ptr=0x00007fb4d655cc20

Stack: [0x0000700007da8000,0x0000700007ea8000],  sp=0x0000700007ea6f60,  free space=1019k
Native frames: (J=compiled Java code, A=aot compiled Java code, j=interpreted, Vv=VM code, C=native code)
V  [libjvm.dylib+0x668d11]  SignatureIterator::expect(char)+0x11
V  [libjvm.dylib+0x6691ff]  SignatureIterator::iterate_returntype()+0x23
V  [libjvm.dylib+0x2fd305]  GenerateOopMap::do_method(int, int, int, int)+0x77
V  [libjvm.dylib+0x2fb9f7]  GenerateOopMap::interp_bb(BasicBlock*)+0xdb
V  [libjvm.dylib+0x2fb718]  GenerateOopMap::interp_all()+0x3c
V  [libjvm.dylib+0x2fb3c9]  GenerateOopMap::do_interpretation()+0x4b
V  [libjvm.dylib+0x2fdae9]  GenerateOopMap::compute_map(Thread*)+0x165
V  [libjvm.dylib+0x5e0aa4]  OopMapForCacheEntry::compute_map(Thread*)+0x54
V  [libjvm.dylib+0x5e1286]  OopMapCacheEntry::fill(methodHandle const&, int)+0xac
V  [libjvm.dylib+0x5e1bb7]  OopMapCache::compute_one_oop_map(methodHandle const&, int, InterpreterOopMap*)+0x5d
V  [libjvm.dylib+0x5a9854]  Method::mask_for(int, InterpreterOopMap*)+0x7e
V  [libjvm.dylib+0x7364cc]  interpretedVFrame::stack_data(bool) const+0x48
V  [libjvm.dylib+0x4b8309]  VM_GetOrSetLocal::check_slot_type_no_lvt(javaVFrame*)+0x4d
V  [libjvm.dylib+0x4b83f5]  VM_GetOrSetLocal::doit_prologue()+0x8d
V  [libjvm.dylib+0x749b55]  VMThread::execute(VM_Operation*)+0x12d
V  [libjvm.dylib+0x4a4b30]  JvmtiEnv::GetLocalObject(JavaThread*, int, int, _jobject**)+0x54
V  [libjvm.dylib+0x466a56]  jvmti_GetLocalObject(_jvmtiEnv*, _jobject*, int, int, _jobject**)+0x14d
C  [libjdwp.dylib+0x6512]  getValues+0x186
C  [libjdwp.dylib+0xe62e]  debugLoop_run+0x1f1
C  [libjdwp.dylib+0x1f8a6]  attachThread+0x54
V  [libjvm.dylib+0x4b6f02]  JvmtiAgentThread::call_start_function()+0x38
V  [libjvm.dylib+0x6ed18a]  JavaThread::thread_main_inner()+0x86
V  [libjvm.dylib+0x6ecfc8]  JavaThread::run()+0x118
V  [libjvm.dylib+0x6eae07]  Thread::call_run()+0x71
V  [libjvm.dylib+0x5e98be]  thread_native_entry(Thread*)+0x129
C  [libsystem_pthread.dylib+0x6109]  _pthread_start+0x94
C  [libsystem_pthread.dylib+0x1b8b]  thread_start+0xf


siginfo: si_signo: 11 (SIGSEGV), si_code: 1 (SEGV_MAPERR), si_addr: 0x0000000000000006

Register to memory mapping:

RAX=0x0 is NULL
RBX=0x0000700007ea6fc0 is pointing into the stack for thread: 0x00007fb4d8058000
RCX=0x0 is NULL
RDX=0x000000000000e6c0 is an unknown value
RSP=0x0000700007ea6f60 is pointing into the stack for thread: 0x00007fb4d8058000
RBP=0x0000700007ea6f70 is pointing into the stack for thread: 0x00007fb4d8058000
RSI=0x0000000000000028 is an unknown value
RDI=0x0000700007ea6fc0 is pointing into the stack for thread: 0x00007fb4d8058000
R8 =0x000000000000000f is an unknown value
R9 =0x00007fb4d6723e70 points into unknown readable memory: 40 c6 40 10 01 00 00 00
R10=0x000000008a000000 is an unknown value
R11=0xffffffffffffff74 is an unknown value
R12=0x0000700007ea6fc0 is pointing into the stack for thread: 0x00007fb4d8058000
R13=0x0000700007ea7600 is pointing into the stack for thread: 0x00007fb4d8058000
R14=0x0000000000000001 is an unknown value
R15=0x0000700007ea6fc0 is pointing into the stack for thread: 0x00007fb4d8058000


Registers:
RAX=0x0000000000000000, RBX=0x0000700007ea6fc0, RCX=0x0000000000000000, RDX=0x000000000000e6c0
RSP=0x0000700007ea6f60, RBP=0x0000700007ea6f70, RSI=0x0000000000000028, RDI=0x0000700007ea6fc0
R8 =0x000000000000000f, R9 =0x00007fb4d6723e70, R10=0x000000008a000000, R11=0xffffffffffffff74
R12=0x0000700007ea6fc0, R13=0x0000700007ea7600, R14=0x0000000000000001, R15=0x0000700007ea6fc0
RIP=0x000000010aa68d11, EFLAGS=0x0000000000010202, ERR=0x0000000000000004
  TRAPNO=0x000000000000000e

Top of Stack: (sp=0x0000700007ea6f60)
0x0000700007ea6f60:   000000010acdfb40 0000700007ea7400
0x0000700007ea6f70:   0000700007ea6fb0 000000010aa691ff
0x0000700007ea6f80:   000000010acdfb40 0000700007ea7400
0x0000700007ea6f90:   0000700007ea6fc0 0000700007ea7600
0x0000700007ea6fa0:   0000000000000001 000000000000000f
0x0000700007ea6fb0:   0000700007ea7440 000000010a6fd305
0x0000700007ea6fc0:   000000010acdfb40 0000000000000000
0x0000700007ea6fd0:   0000000000000000 000000000000000d
0x0000700007ea6fe0:   0000700007ea7400 0000000000000000
0x0000700007ea6ff0:   2fffffff2fffffff 0000000000000000
0x0000700007ea7000:   0000000000000000 0000000000000000
0x0000700007ea7010:   0000000000000000 0000000000000000
0x0000700007ea7020:   0000000000000000 0000000000000000
0x0000700007ea7030:   0000000000000000 0000000000000000
0x0000700007ea7040:   0000000000000000 0000000000000000
0x0000700007ea7050:   0000000000000000 0000000000000000
0x0000700007ea7060:   0000000000000000 0000000000000000
0x0000700007ea7070:   0000000000000000 0000000000000000
0x0000700007ea7080:   0000000000000000 0000000000000000
0x0000700007ea7090:   0000000000000000 0000000000000000
0x0000700007ea70a0:   0000000000000000 0000000000000000
0x0000700007ea70b0:   0000000000000000 0000000000000000
0x0000700007ea70c0:   0000000000000000 0000000000000000
0x0000700007ea70d0:   0000000000000000 0000000000000000
0x0000700007ea70e0:   0000000000000000 0000000000000000
0x0000700007ea70f0:   0000000000000000 0000000000000000
0x0000700007ea7100:   0000000000000000 0000000000000000
0x0000700007ea7110:   0000000000000000 0000000000000000
0x0000700007ea7120:   0000000000000000 0000000000000000
0x0000700007ea7130:   0000000000000000 0000000000000000
0x0000700007ea7140:   0000000000000000 0000000000000000
0x0000700007ea7150:   0000000000000000 0000000000000000 

Instructions: (pc=0x000000010aa68d11)
0x000000010aa68c11:   c3 90 90 55 48 89 e5 48 8d 05 9d 29 32 00 8b 48
0x000000010aa68c21:   04 81 f9 47 79 67 6f 7e 1a 81 f9 48 79 67 6f 74
0x000000010aa68c31:   22 81 f9 43 65 6e 74 74 23 81 f9 47 65 6e 75 74
0x000000010aa68c41:   1b eb 28 81 f9 20 20 53 68 74 11 81 f9 41 75 74
0x000000010aa68c51:   68 75 18 0f b6 88 c8 00 00 00 eb 0a b9 ff 0f 00
0x000000010aa68c61:   00 23 48 24 ff c1 83 f9 1f 77 07 b8 20 00 00 00
0x000000010aa68c71:   eb 02 89 c8 5d c3 90 80 3d e9 85 29 00 00 74 01
0x000000010aa68c81:   c3 55 48 89 e5 48 83 ec 10 c7 04 24 00 00 00 00
0x000000010aa68c91:   48 8d 3d 60 85 29 00 48 8d 35 ad 0e ff ff ba 63
0x000000010aa68ca1:   00 00 00 b9 10 00 00 00 41 b8 50 00 00 00 45 31
0x000000010aa68cb1:   c9 e8 63 8f e8 ff 48 c7 05 a6 85 29 00 01 00 00
0x000000010aa68cc1:   00 48 83 c4 10 5d c3 55 48 89 e5 48 8d 0d 1d 91
0x000000010aa68cd1:   1b 00 b8 10 00 00 00 31 d2 f7 39 89 05 f6 b9 32
0x000000010aa68ce1:   00 5d c3 55 48 89 e5 48 8d 05 b1 85 28 00 48 89
0x000000010aa68cf1:   07 48 89 77 08 c7 47 14 00 00 00 00 5d c3 90 55
0x000000010aa68d01:   48 89 e5 53 50 48 89 fb 48 8b 4b 08 48 63 43 10
0x000000010aa68d11:   40 38 74 01 06 74 26 40 0f be ce 48 8d 3d 8a c9
0x000000010aa68d21:   18 00 48 8d 15 b2 c9 18 00 be 36 00 00 00 31 c0
0x000000010aa68d31:   e8 8d 94 ba ff e8 b5 06 f8 ff 8b 43 10 ff c0 89
0x000000010aa68d41:   43 10 48 83 c4 08 5b 5d c3 55 48 89 e5 41 57 41
0x000000010aa68d51:   56 53 50 49 89 fe 49 8b 4e 08 49 63 76 10 0f be
0x000000010aa68d61:   44 31 06 83 c0 be 83 f8 19 77 74 4d 8d 7e 10 48
0x000000010aa68d71:   8d 15 f1 01 00 00 48 63 04 82 48 01 d0 ff e0 49
0x000000010aa68d81:   8b 06 4c 89 f7 ff 50 20 41 83 7e 14 00 0f 89 63
0x000000010aa68d91:   01 00 00 41 c7 46 18 08 00 00 00 e9 56 01 00 00
0x000000010aa68da1:   49 8b 06 4c 89 f7 ff 50 08 41 83 7e 14 00 0f 89
0x000000010aa68db1:   42 01 00 00 41 c7 46 18 05 00 00 00 e9 35 01 00
0x000000010aa68dc1:   00 49 8b 06 4c 89 f7 ff 50 18 41 83 7e 14 00 0f
0x000000010aa68dd1:   89 84 00 00 00 41 c7 46 18 07 00 00 00 eb 7a 48
0x000000010aa68de1:   8d 3d c6 c8 18 00 be 6e 00 00 00 e8 ad 95 ba ff
0x000000010aa68df1:   e8 fa 05 f8 ff b8 ff ff ff ff e9 ff 00 00 00 49
0x000000010aa68e01:   8b 06 4c 89 f7 ff 50 10 41 83 7e 14 00 0f 89 e3 


Stack slot to memory mapping:
stack at sp + 0 slots: 0x000000010acdfb40: _ZTV16ComputeCallStack+0x10 in /Library/Java/JavaVirtualMachines/jdk-14.0.2.jdk/Contents/Home/lib/server/libjvm.dylib at 0x000000010a400000
stack at sp + 1 slots: 0x0000700007ea7400 is pointing into the stack for thread: 0x00007fb4d8058000
stack at sp + 2 slots: 0x0000700007ea6fb0 is pointing into the stack for thread: 0x00007fb4d8058000
stack at sp + 3 slots: 0x000000010aa691ff: _ZN17SignatureIterator18iterate_returntypeEv+0x23 in /Library/Java/JavaVirtualMachines/jdk-14.0.2.jdk/Contents/Home/lib/server/libjvm.dylib at 0x000000010a400000
stack at sp + 4 slots: 0x000000010acdfb40: _ZTV16ComputeCallStack+0x10 in /Library/Java/JavaVirtualMachines/jdk-14.0.2.jdk/Contents/Home/lib/server/libjvm.dylib at 0x000000010a400000
stack at sp + 5 slots: 0x0000700007ea7400 is pointing into the stack for thread: 0x00007fb4d8058000
stack at sp + 6 slots: 0x0000700007ea6fc0 is pointing into the stack for thread: 0x00007fb4d8058000
stack at sp + 7 slots: 0x0000700007ea7600 is pointing into the stack for thread: 0x00007fb4d8058000


---------------  P R O C E S S  ---------------

Threads class SMR info:
_java_thread_list=0x00007fb4d655cc20, length=13, elements={
0x00007fb4d680f000, 0x00007fb4d687a000, 0x00007fb4d7057000, 0x00007fb4d687d800,
0x00007fb4d687e800, 0x00007fb4d780b800, 0x00007fb4d687f000, 0x00007fb4d8045000,
0x00007fb4d780c800, 0x00007fb4d8058000, 0x00007fb4d7893000, 0x00007fb4d70f2800,
0x00007fb4d710c800
}

Java Threads: ( => current thread )
  0x00007fb4d680f000 JavaThread "main" [_thread_blocked, id=6147, stack(0x0000700006d75000,0x0000700006e75000)]
  0x00007fb4d687a000 JavaThread "Reference Handler" daemon [_thread_blocked, id=15107, stack(0x000070000748a000,0x000070000758a000)]
  0x00007fb4d7057000 JavaThread "Finalizer" daemon [_thread_blocked, id=15363, stack(0x000070000758d000,0x000070000768d000)]
  0x00007fb4d687d800 JavaThread "Signal Dispatcher" daemon [_thread_blocked, id=22531, stack(0x0000700007796000,0x0000700007896000)]
  0x00007fb4d687e800 JavaThread "Service Thread" daemon [_thread_blocked, id=43011, stack(0x0000700007899000,0x0000700007999000)]
  0x00007fb4d780b800 JavaThread "C2 CompilerThread0" daemon [_thread_blocked, id=42755, stack(0x000070000799c000,0x0000700007a9c000)]
  0x00007fb4d687f000 JavaThread "C1 CompilerThread0" daemon [_thread_blocked, id=23811, stack(0x0000700007a9f000,0x0000700007b9f000)]
  0x00007fb4d8045000 JavaThread "Sweeper thread" daemon [_thread_blocked, id=24323, stack(0x0000700007ba2000,0x0000700007ca2000)]
  0x00007fb4d780c800 JavaThread "Common-Cleaner" daemon [_thread_blocked, id=41475, stack(0x0000700007ca5000,0x0000700007da5000)]
=>0x00007fb4d8058000 JavaThread "JDWP Transport Listener: dt_socket" daemon [_thread_in_vm, id=25091, stack(0x0000700007da8000,0x0000700007ea8000)]
  0x00007fb4d7893000 JavaThread "JDWP Event Helper Thread" daemon [_thread_blocked, id=25603, stack(0x0000700007eab000,0x0000700007fab000)]
  0x00007fb4d70f2800 JavaThread "JDWP Command Reader" daemon [_thread_in_native, id=26115, stack(0x0000700007fae000,0x00007000080ae000)]
  0x00007fb4d710c800 JavaThread "Notification Thread" daemon [_thread_blocked, id=26627, stack(0x00007000080b1000,0x00007000081b1000)]

Other Threads:
  0x00007fb4d7054000 VMThread "VM Thread" [stack: 0x0000700007387000,0x0000700007487000] [id=18691]
  0x00007fb4d806c000 WatcherThread [stack: 0x00007000081b4000,0x00007000082b4000] [id=27139]
  0x00007fb4d7030800 GCTaskThread "GC Thread#0" [stack: 0x0000700006e78000,0x0000700006f78000] [id=20227]
  0x00007fb4d7041800 ConcurrentGCThread "G1 Main Marker" [stack: 0x0000700006f7b000,0x000070000707b000] [id=13059]
  0x00007fb4d7042800 ConcurrentGCThread "G1 Conc#0" [stack: 0x000070000707e000,0x000070000717e000] [id=19459]
  0x00007fb4d685f800 ConcurrentGCThread "G1 Refine#0" [stack: 0x0000700007181000,0x0000700007281000] [id=19203]
  0x00007fb4d6860000 ConcurrentGCThread "G1 Young RemSet Sampling" [stack: 0x0000700007284000,0x0000700007384000] [id=14083]

Threads with active compile tasks:

VM state:not at safepoint (normal execution)

VM Mutex/Monitor currently owned by a thread: None

Heap address: 0x0000000780000000, size: 2048 MB, Compressed Oops mode: Zero based, Oop shift amount: 3
Narrow klass base: 0x0000000800000000, Narrow klass shift: 3
Compressed class space size: 1073741824 Address: 0x0000000800b05000

Heap:
 garbage-first heap   total 133120K, used 5936K [0x0000000780000000, 0x0000000800000000)
  region size 1024K, 6 young (6144K), 0 survivors (0K)
 Metaspace       used 3393K, capacity 4960K, committed 5120K, reserved 1056768K
  class space    used 345K, capacity 480K, committed 512K, reserved 1048576K
Heap Regions: E=young(eden), S=young(survivor), O=old, HS=humongous(starts), HC=humongous(continues), CS=collection set, F=free, OA=open archive, CA=closed archive, TAMS=top-at-mark-start (previous, next)
|   0|0x0000000780000000, 0x0000000780000000, 0x0000000780100000|  0%| F|  |TAMS 0x0000000780000000, 0x0000000780000000| Untracked 
|   1|0x0000000780100000, 0x0000000780100000, 0x0000000780200000|  0%| F|  |TAMS 0x0000000780100000, 0x0000000780100000| Untracked 
|   2|0x0000000780200000, 0x0000000780200000, 0x0000000780300000|  0%| F|  |TAMS 0x0000000780200000, 0x0000000780200000| Untracked 
|   3|0x0000000780300000, 0x0000000780300000, 0x0000000780400000|  0%| F|  |TAMS 0x0000000780300000, 0x0000000780300000| Untracked 
|   4|0x0000000780400000, 0x0000000780400000, 0x0000000780500000|  0%| F|  |TAMS 0x0000000780400000, 0x0000000780400000| Untracked 
|   5|0x0000000780500000, 0x0000000780500000, 0x0000000780600000|  0%| F|  |TAMS 0x0000000780500000, 0x0000000780500000| Untracked 
|   6|0x0000000780600000, 0x0000000780600000, 0x0000000780700000|  0%| F|  |TAMS 0x0000000780600000, 0x0000000780600000| Untracked 
|   7|0x0000000780700000, 0x0000000780700000, 0x0000000780800000|  0%| F|  |TAMS 0x0000000780700000, 0x0000000780700000| Untracked 
|   8|0x0000000780800000, 0x0000000780800000, 0x0000000780900000|  0%| F|  |TAMS 0x0000000780800000, 0x0000000780800000| Untracked 
|   9|0x0000000780900000, 0x0000000780900000, 0x0000000780a00000|  0%| F|  |TAMS 0x0000000780900000, 0x0000000780900000| Untracked 
|  10|0x0000000780a00000, 0x0000000780a00000, 0x0000000780b00000|  0%| F|  |TAMS 0x0000000780a00000, 0x0000000780a00000| Untracked 
|  11|0x0000000780b00000, 0x0000000780b00000, 0x0000000780c00000|  0%| F|  |TAMS 0x0000000780b00000, 0x0000000780b00000| Untracked 
|  12|0x0000000780c00000, 0x0000000780c00000, 0x0000000780d00000|  0%| F|  |TAMS 0x0000000780c00000, 0x0000000780c00000| Untracked 
|  13|0x0000000780d00000, 0x0000000780d00000, 0x0000000780e00000|  0%| F|  |TAMS 0x0000000780d00000, 0x0000000780d00000| Untracked 
|  14|0x0000000780e00000, 0x0000000780e00000, 0x0000000780f00000|  0%| F|  |TAMS 0x0000000780e00000, 0x0000000780e00000| Untracked 
|  15|0x0000000780f00000, 0x0000000780f00000, 0x0000000781000000|  0%| F|  |TAMS 0x0000000780f00000, 0x0000000780f00000| Untracked 
|  16|0x0000000781000000, 0x0000000781000000, 0x0000000781100000|  0%| F|  |TAMS 0x0000000781000000, 0x0000000781000000| Untracked 
|  17|0x0000000781100000, 0x0000000781100000, 0x0000000781200000|  0%| F|  |TAMS 0x0000000781100000, 0x0000000781100000| Untracked 
|  18|0x0000000781200000, 0x0000000781200000, 0x0000000781300000|  0%| F|  |TAMS 0x0000000781200000, 0x0000000781200000| Untracked 
|  19|0x0000000781300000, 0x0000000781300000, 0x0000000781400000|  0%| F|  |TAMS 0x0000000781300000, 0x0000000781300000| Untracked 
|  20|0x0000000781400000, 0x0000000781400000, 0x0000000781500000|  0%| F|  |TAMS 0x0000000781400000, 0x0000000781400000| Untracked 
|  21|0x0000000781500000, 0x0000000781500000, 0x0000000781600000|  0%| F|  |TAMS 0x0000000781500000, 0x0000000781500000| Untracked 
|  22|0x0000000781600000, 0x0000000781600000, 0x0000000781700000|  0%| F|  |TAMS 0x0000000781600000, 0x0000000781600000| Untracked 
|  23|0x0000000781700000, 0x0000000781700000, 0x0000000781800000|  0%| F|  |TAMS 0x0000000781700000, 0x0000000781700000| Untracked 
|  24|0x0000000781800000, 0x0000000781800000, 0x0000000781900000|  0%| F|  |TAMS 0x0000000781800000, 0x0000000781800000| Untracked 
|  25|0x0000000781900000, 0x0000000781900000, 0x0000000781a00000|  0%| F|  |TAMS 0x0000000781900000, 0x0000000781900000| Untracked 
|  26|0x0000000781a00000, 0x0000000781a00000, 0x0000000781b00000|  0%| F|  |TAMS 0x0000000781a00000, 0x0000000781a00000| Untracked 
|  27|0x0000000781b00000, 0x0000000781b00000, 0x0000000781c00000|  0%| F|  |TAMS 0x0000000781b00000, 0x0000000781b00000| Untracked 
|  28|0x0000000781c00000, 0x0000000781c00000, 0x0000000781d00000|  0%| F|  |TAMS 0x0000000781c00000, 0x0000000781c00000| Untracked 
|  29|0x0000000781d00000, 0x0000000781d00000, 0x0000000781e00000|  0%| F|  |TAMS 0x0000000781d00000, 0x0000000781d00000| Untracked 
|  30|0x0000000781e00000, 0x0000000781e00000, 0x0000000781f00000|  0%| F|  |TAMS 0x0000000781e00000, 0x0000000781e00000| Untracked 
|  31|0x0000000781f00000, 0x0000000781f00000, 0x0000000782000000|  0%| F|  |TAMS 0x0000000781f00000, 0x0000000781f00000| Untracked 
|  32|0x0000000782000000, 0x0000000782000000, 0x0000000782100000|  0%| F|  |TAMS 0x0000000782000000, 0x0000000782000000| Untracked 
|  33|0x0000000782100000, 0x0000000782100000, 0x0000000782200000|  0%| F|  |TAMS 0x0000000782100000, 0x0000000782100000| Untracked 
|  34|0x0000000782200000, 0x0000000782200000, 0x0000000782300000|  0%| F|  |TAMS 0x0000000782200000, 0x0000000782200000| Untracked 
|  35|0x0000000782300000, 0x0000000782300000, 0x0000000782400000|  0%| F|  |TAMS 0x0000000782300000, 0x0000000782300000| Untracked 
|  36|0x0000000782400000, 0x0000000782400000, 0x0000000782500000|  0%| F|  |TAMS 0x0000000782400000, 0x0000000782400000| Untracked 
|  37|0x0000000782500000, 0x0000000782500000, 0x0000000782600000|  0%| F|  |TAMS 0x0000000782500000, 0x0000000782500000| Untracked 
|  38|0x0000000782600000, 0x0000000782600000, 0x0000000782700000|  0%| F|  |TAMS 0x0000000782600000, 0x0000000782600000| Untracked 
|  39|0x0000000782700000, 0x0000000782700000, 0x0000000782800000|  0%| F|  |TAMS 0x0000000782700000, 0x0000000782700000| Untracked 
|  40|0x0000000782800000, 0x0000000782800000, 0x0000000782900000|  0%| F|  |TAMS 0x0000000782800000, 0x0000000782800000| Untracked 
|  41|0x0000000782900000, 0x0000000782900000, 0x0000000782a00000|  0%| F|  |TAMS 0x0000000782900000, 0x0000000782900000| Untracked 
|  42|0x0000000782a00000, 0x0000000782a00000, 0x0000000782b00000|  0%| F|  |TAMS 0x0000000782a00000, 0x0000000782a00000| Untracked 
|  43|0x0000000782b00000, 0x0000000782b00000, 0x0000000782c00000|  0%| F|  |TAMS 0x0000000782b00000, 0x0000000782b00000| Untracked 
|  44|0x0000000782c00000, 0x0000000782c00000, 0x0000000782d00000|  0%| F|  |TAMS 0x0000000782c00000, 0x0000000782c00000| Untracked 
|  45|0x0000000782d00000, 0x0000000782d00000, 0x0000000782e00000|  0%| F|  |TAMS 0x0000000782d00000, 0x0000000782d00000| Untracked 
|  46|0x0000000782e00000, 0x0000000782e00000, 0x0000000782f00000|  0%| F|  |TAMS 0x0000000782e00000, 0x0000000782e00000| Untracked 
|  47|0x0000000782f00000, 0x0000000782f00000, 0x0000000783000000|  0%| F|  |TAMS 0x0000000782f00000, 0x0000000782f00000| Untracked 
|  48|0x0000000783000000, 0x0000000783000000, 0x0000000783100000|  0%| F|  |TAMS 0x0000000783000000, 0x0000000783000000| Untracked 
|  49|0x0000000783100000, 0x0000000783100000, 0x0000000783200000|  0%| F|  |TAMS 0x0000000783100000, 0x0000000783100000| Untracked 
|  50|0x0000000783200000, 0x0000000783200000, 0x0000000783300000|  0%| F|  |TAMS 0x0000000783200000, 0x0000000783200000| Untracked 
|  51|0x0000000783300000, 0x0000000783300000, 0x0000000783400000|  0%| F|  |TAMS 0x0000000783300000, 0x0000000783300000| Untracked 
|  52|0x0000000783400000, 0x0000000783400000, 0x0000000783500000|  0%| F|  |TAMS 0x0000000783400000, 0x0000000783400000| Untracked 
|  53|0x0000000783500000, 0x0000000783500000, 0x0000000783600000|  0%| F|  |TAMS 0x0000000783500000, 0x0000000783500000| Untracked 
|  54|0x0000000783600000, 0x0000000783600000, 0x0000000783700000|  0%| F|  |TAMS 0x0000000783600000, 0x0000000783600000| Untracked 
|  55|0x0000000783700000, 0x0000000783700000, 0x0000000783800000|  0%| F|  |TAMS 0x0000000783700000, 0x0000000783700000| Untracked 
|  56|0x0000000783800000, 0x0000000783800000, 0x0000000783900000|  0%| F|  |TAMS 0x0000000783800000, 0x0000000783800000| Untracked 
|  57|0x0000000783900000, 0x0000000783900000, 0x0000000783a00000|  0%| F|  |TAMS 0x0000000783900000, 0x0000000783900000| Untracked 
|  58|0x0000000783a00000, 0x0000000783a00000, 0x0000000783b00000|  0%| F|  |TAMS 0x0000000783a00000, 0x0000000783a00000| Untracked 
|  59|0x0000000783b00000, 0x0000000783b00000, 0x0000000783c00000|  0%| F|  |TAMS 0x0000000783b00000, 0x0000000783b00000| Untracked 
|  60|0x0000000783c00000, 0x0000000783c00000, 0x0000000783d00000|  0%| F|  |TAMS 0x0000000783c00000, 0x0000000783c00000| Untracked 
|  61|0x0000000783d00000, 0x0000000783d00000, 0x0000000783e00000|  0%| F|  |TAMS 0x0000000783d00000, 0x0000000783d00000| Untracked 
|  62|0x0000000783e00000, 0x0000000783e00000, 0x0000000783f00000|  0%| F|  |TAMS 0x0000000783e00000, 0x0000000783e00000| Untracked 
|  63|0x0000000783f00000, 0x0000000783f00000, 0x0000000784000000|  0%| F|  |TAMS 0x0000000783f00000, 0x0000000783f00000| Untracked 
|  64|0x0000000784000000, 0x0000000784000000, 0x0000000784100000|  0%| F|  |TAMS 0x0000000784000000, 0x0000000784000000| Untracked 
|  65|0x0000000784100000, 0x0000000784100000, 0x0000000784200000|  0%| F|  |TAMS 0x0000000784100000, 0x0000000784100000| Untracked 
|  66|0x0000000784200000, 0x0000000784200000, 0x0000000784300000|  0%| F|  |TAMS 0x0000000784200000, 0x0000000784200000| Untracked 
|  67|0x0000000784300000, 0x0000000784300000, 0x0000000784400000|  0%| F|  |TAMS 0x0000000784300000, 0x0000000784300000| Untracked 
|  68|0x0000000784400000, 0x0000000784400000, 0x0000000784500000|  0%| F|  |TAMS 0x0000000784400000, 0x0000000784400000| Untracked 
|  69|0x0000000784500000, 0x0000000784500000, 0x0000000784600000|  0%| F|  |TAMS 0x0000000784500000, 0x0000000784500000| Untracked 
|  70|0x0000000784600000, 0x0000000784600000, 0x0000000784700000|  0%| F|  |TAMS 0x0000000784600000, 0x0000000784600000| Untracked 
|  71|0x0000000784700000, 0x0000000784700000, 0x0000000784800000|  0%| F|  |TAMS 0x0000000784700000, 0x0000000784700000| Untracked 
|  72|0x0000000784800000, 0x0000000784800000, 0x0000000784900000|  0%| F|  |TAMS 0x0000000784800000, 0x0000000784800000| Untracked 
|  73|0x0000000784900000, 0x0000000784900000, 0x0000000784a00000|  0%| F|  |TAMS 0x0000000784900000, 0x0000000784900000| Untracked 
|  74|0x0000000784a00000, 0x0000000784a00000, 0x0000000784b00000|  0%| F|  |TAMS 0x0000000784a00000, 0x0000000784a00000| Untracked 
|  75|0x0000000784b00000, 0x0000000784b00000, 0x0000000784c00000|  0%| F|  |TAMS 0x0000000784b00000, 0x0000000784b00000| Untracked 
|  76|0x0000000784c00000, 0x0000000784c00000, 0x0000000784d00000|  0%| F|  |TAMS 0x0000000784c00000, 0x0000000784c00000| Untracked 
|  77|0x0000000784d00000, 0x0000000784d00000, 0x0000000784e00000|  0%| F|  |TAMS 0x0000000784d00000, 0x0000000784d00000| Untracked 
|  78|0x0000000784e00000, 0x0000000784e00000, 0x0000000784f00000|  0%| F|  |TAMS 0x0000000784e00000, 0x0000000784e00000| Untracked 
|  79|0x0000000784f00000, 0x0000000784f00000, 0x0000000785000000|  0%| F|  |TAMS 0x0000000784f00000, 0x0000000784f00000| Untracked 
|  80|0x0000000785000000, 0x0000000785000000, 0x0000000785100000|  0%| F|  |TAMS 0x0000000785000000, 0x0000000785000000| Untracked 
|  81|0x0000000785100000, 0x0000000785100000, 0x0000000785200000|  0%| F|  |TAMS 0x0000000785100000, 0x0000000785100000| Untracked 
|  82|0x0000000785200000, 0x0000000785200000, 0x0000000785300000|  0%| F|  |TAMS 0x0000000785200000, 0x0000000785200000| Untracked 
|  83|0x0000000785300000, 0x0000000785300000, 0x0000000785400000|  0%| F|  |TAMS 0x0000000785300000, 0x0000000785300000| Untracked 
|  84|0x0000000785400000, 0x0000000785400000, 0x0000000785500000|  0%| F|  |TAMS 0x0000000785400000, 0x0000000785400000| Untracked 
|  85|0x0000000785500000, 0x0000000785500000, 0x0000000785600000|  0%| F|  |TAMS 0x0000000785500000, 0x0000000785500000| Untracked 
|  86|0x0000000785600000, 0x0000000785600000, 0x0000000785700000|  0%| F|  |TAMS 0x0000000785600000, 0x0000000785600000| Untracked 
|  87|0x0000000785700000, 0x0000000785700000, 0x0000000785800000|  0%| F|  |TAMS 0x0000000785700000, 0x0000000785700000| Untracked 
|  88|0x0000000785800000, 0x0000000785800000, 0x0000000785900000|  0%| F|  |TAMS 0x0000000785800000, 0x0000000785800000| Untracked 
|  89|0x0000000785900000, 0x0000000785900000, 0x0000000785a00000|  0%| F|  |TAMS 0x0000000785900000, 0x0000000785900000| Untracked 
|  90|0x0000000785a00000, 0x0000000785a00000, 0x0000000785b00000|  0%| F|  |TAMS 0x0000000785a00000, 0x0000000785a00000| Untracked 
|  91|0x0000000785b00000, 0x0000000785b00000, 0x0000000785c00000|  0%| F|  |TAMS 0x0000000785b00000, 0x0000000785b00000| Untracked 
|  92|0x0000000785c00000, 0x0000000785c00000, 0x0000000785d00000|  0%| F|  |TAMS 0x0000000785c00000, 0x0000000785c00000| Untracked 
|  93|0x0000000785d00000, 0x0000000785d00000, 0x0000000785e00000|  0%| F|  |TAMS 0x0000000785d00000, 0x0000000785d00000| Untracked 
|  94|0x0000000785e00000, 0x0000000785e00000, 0x0000000785f00000|  0%| F|  |TAMS 0x0000000785e00000, 0x0000000785e00000| Untracked 
|  95|0x0000000785f00000, 0x0000000785f00000, 0x0000000786000000|  0%| F|  |TAMS 0x0000000785f00000, 0x0000000785f00000| Untracked 
|  96|0x0000000786000000, 0x0000000786000000, 0x0000000786100000|  0%| F|  |TAMS 0x0000000786000000, 0x0000000786000000| Untracked 
|  97|0x0000000786100000, 0x0000000786100000, 0x0000000786200000|  0%| F|  |TAMS 0x0000000786100000, 0x0000000786100000| Untracked 
|  98|0x0000000786200000, 0x0000000786200000, 0x0000000786300000|  0%| F|  |TAMS 0x0000000786200000, 0x0000000786200000| Untracked 
|  99|0x0000000786300000, 0x0000000786300000, 0x0000000786400000|  0%| F|  |TAMS 0x0000000786300000, 0x0000000786300000| Untracked 
| 100|0x0000000786400000, 0x0000000786400000, 0x0000000786500000|  0%| F|  |TAMS 0x0000000786400000, 0x0000000786400000| Untracked 
| 101|0x0000000786500000, 0x0000000786500000, 0x0000000786600000|  0%| F|  |TAMS 0x0000000786500000, 0x0000000786500000| Untracked 
| 102|0x0000000786600000, 0x0000000786600000, 0x0000000786700000|  0%| F|  |TAMS 0x0000000786600000, 0x0000000786600000| Untracked 
| 103|0x0000000786700000, 0x0000000786700000, 0x0000000786800000|  0%| F|  |TAMS 0x0000000786700000, 0x0000000786700000| Untracked 
| 104|0x0000000786800000, 0x0000000786800000, 0x0000000786900000|  0%| F|  |TAMS 0x0000000786800000, 0x0000000786800000| Untracked 
| 105|0x0000000786900000, 0x0000000786900000, 0x0000000786a00000|  0%| F|  |TAMS 0x0000000786900000, 0x0000000786900000| Untracked 
| 106|0x0000000786a00000, 0x0000000786a00000, 0x0000000786b00000|  0%| F|  |TAMS 0x0000000786a00000, 0x0000000786a00000| Untracked 
| 107|0x0000000786b00000, 0x0000000786b00000, 0x0000000786c00000|  0%| F|  |TAMS 0x0000000786b00000, 0x0000000786b00000| Untracked 
| 108|0x0000000786c00000, 0x0000000786c00000, 0x0000000786d00000|  0%| F|  |TAMS 0x0000000786c00000, 0x0000000786c00000| Untracked 
| 109|0x0000000786d00000, 0x0000000786d00000, 0x0000000786e00000|  0%| F|  |TAMS 0x0000000786d00000, 0x0000000786d00000| Untracked 
| 110|0x0000000786e00000, 0x0000000786e00000, 0x0000000786f00000|  0%| F|  |TAMS 0x0000000786e00000, 0x0000000786e00000| Untracked 
| 111|0x0000000786f00000, 0x0000000786f00000, 0x0000000787000000|  0%| F|  |TAMS 0x0000000786f00000, 0x0000000786f00000| Untracked 
| 112|0x0000000787000000, 0x0000000787000000, 0x0000000787100000|  0%| F|  |TAMS 0x0000000787000000, 0x0000000787000000| Untracked 
| 113|0x0000000787100000, 0x0000000787100000, 0x0000000787200000|  0%| F|  |TAMS 0x0000000787100000, 0x0000000787100000| Untracked 
| 114|0x0000000787200000, 0x0000000787200000, 0x0000000787300000|  0%| F|  |TAMS 0x0000000787200000, 0x0000000787200000| Untracked 
| 115|0x0000000787300000, 0x0000000787300000, 0x0000000787400000|  0%| F|  |TAMS 0x0000000787300000, 0x0000000787300000| Untracked 
| 116|0x0000000787400000, 0x0000000787400000, 0x0000000787500000|  0%| F|  |TAMS 0x0000000787400000, 0x0000000787400000| Untracked 
| 117|0x0000000787500000, 0x0000000787500000, 0x0000000787600000|  0%| F|  |TAMS 0x0000000787500000, 0x0000000787500000| Untracked 
| 118|0x0000000787600000, 0x0000000787600000, 0x0000000787700000|  0%| F|  |TAMS 0x0000000787600000, 0x0000000787600000| Untracked 
| 119|0x0000000787700000, 0x0000000787700000, 0x0000000787800000|  0%| F|  |TAMS 0x0000000787700000, 0x0000000787700000| Untracked 
| 120|0x0000000787800000, 0x0000000787800000, 0x0000000787900000|  0%| F|  |TAMS 0x0000000787800000, 0x0000000787800000| Untracked 
| 121|0x0000000787900000, 0x0000000787900000, 0x0000000787a00000|  0%| F|  |TAMS 0x0000000787900000, 0x0000000787900000| Untracked 
| 122|0x0000000787a00000, 0x0000000787a90ae0, 0x0000000787b00000| 56%| E|  |TAMS 0x0000000787a00000, 0x0000000787a00000| Complete 
| 123|0x0000000787b00000, 0x0000000787c00000, 0x0000000787c00000|100%| E|CS|TAMS 0x0000000787b00000, 0x0000000787b00000| Complete 
| 124|0x0000000787c00000, 0x0000000787d00000, 0x0000000787d00000|100%| E|CS|TAMS 0x0000000787c00000, 0x0000000787c00000| Complete 
| 125|0x0000000787d00000, 0x0000000787e00000, 0x0000000787e00000|100%| E|CS|TAMS 0x0000000787d00000, 0x0000000787d00000| Complete 
| 126|0x0000000787e00000, 0x0000000787f00000, 0x0000000787f00000|100%| E|CS|TAMS 0x0000000787e00000, 0x0000000787e00000| Complete 
| 127|0x0000000787f00000, 0x0000000788000000, 0x0000000788000000|100%| E|CS|TAMS 0x0000000787f00000, 0x0000000787f00000| Complete 
|1022|0x00000007bfe00000, 0x00000007bfe51000, 0x00000007bff00000| 31%|OA|  |TAMS 0x00000007bfe00000, 0x00000007bfe00000| Untracked 
|1023|0x00000007bff00000, 0x00000007bff7b000, 0x00000007c0000000| 48%|CA|  |TAMS 0x00000007bff00000, 0x00000007bff00000| Untracked 

Card table byte_map: [0x000000010b778000,0x000000010bb78000] _byte_map_base: 0x0000000107b78000

Marking Bits (Prev, Next): (CMBitMap*) 0x00007fb4d7031218, (CMBitMap*) 0x00007fb4d7031258
 Prev Bits: [0x000000010bf78000, 0x000000010df78000)
 Next Bits: [0x000000010df78000, 0x000000010ff78000)

Polling page: 0x0000000109b41000

Metaspace:

Usage:
  Non-class:      4.38 MB capacity,     2.98 MB ( 68%) used,     1.39 MB ( 32%) free+waste,     6.81 KB ( <1%) overhead. 
      Class:    480.00 KB capacity,   345.83 KB ( 72%) used,   130.42 KB ( 27%) free+waste,     3.75 KB ( <1%) overhead. 
       Both:      4.84 MB capacity,     3.31 MB ( 68%) used,     1.52 MB ( 31%) free+waste,    10.56 KB ( <1%) overhead. 

Virtual space:
  Non-class space:        8.00 MB reserved,       4.50 MB ( 56%) committed 
      Class space:        1.00 GB reserved,     512.00 KB ( <1%) committed 
             Both:        1.01 GB reserved,       5.00 MB ( <1%) committed 

Chunk freelists:
   Non-Class:  0 bytes
       Class:  0 bytes
        Both:  0 bytes

MaxMetaspaceSize: unlimited
CompressedClassSpaceSize: 1.00 GB

CodeHeap 'non-profiled nmethods': size=120032Kb used=131Kb max_used=131Kb free=119900Kb
 bounds [0x0000000121371000, 0x00000001215e1000, 0x00000001288a9000]
CodeHeap 'profiled nmethods': size=120028Kb used=680Kb max_used=680Kb free=119347Kb
 bounds [0x0000000119e3a000, 0x000000011a0aa000, 0x0000000121371000]
CodeHeap 'non-nmethods': size=5700Kb used=1214Kb max_used=1221Kb free=4485Kb
 bounds [0x00000001198a9000, 0x0000000119b19000, 0x0000000119e3a000]
 total_blobs=857 nmethods=458 adapters=313
 compilation: enabled
              stopped_count=0, restarted_count=0
 full_count=0

Compilation events (20 events):
Event: 1.150 Thread 0x00007fb4d687f000  450       3       java.util.regex.Pattern::has (15 bytes)
Event: 1.150 Thread 0x00007fb4d687f000 nmethod 450 0x0000000119ee1990 code [0x0000000119ee1b20, 0x0000000119ee1c90]
Event: 1.151 Thread 0x00007fb4d687f000  451       3       java.util.regex.Pattern::peek (26 bytes)
Event: 1.151 Thread 0x00007fb4d687f000 nmethod 451 0x0000000119ee1d10 code [0x0000000119ee1ec0, 0x0000000119ee2140]
Event: 1.151 Thread 0x00007fb4d687f000  452       3       java.util.regex.Pattern::next (33 bytes)
Event: 1.152 Thread 0x00007fb4d687f000 nmethod 452 0x0000000119ee2290 code [0x0000000119ee2440, 0x0000000119ee26e0]
Event: 1.152 Thread 0x00007fb4d687f000  453       3       java.util.regex.ASCII::toLower (16 bytes)
Event: 1.152 Thread 0x00007fb4d687f000 nmethod 453 0x0000000119ee2810 code [0x0000000119ee29a0, 0x0000000119ee2b90]
Event: 1.152 Thread 0x00007fb4d687f000  454       3       java.util.regex.ASCII::isAscii (13 bytes)
Event: 1.152 Thread 0x00007fb4d687f000 nmethod 454 0x0000000119ee2c10 code [0x0000000119ee2da0, 0x0000000119ee2ed0]
Event: 6.130 Thread 0x00007fb4d687f000  455       3       java.lang.Character::isWhitespace (9 bytes)
Event: 6.130 Thread 0x00007fb4d687f000 nmethod 455 0x0000000119ee2f90 code [0x0000000119ee3140, 0x0000000119ee3330]
Event: 6.130 Thread 0x00007fb4d687f000  456       1       sun.instrument.TransformerManager::getSnapshotTransformerList (5 bytes)
Event: 6.130 Thread 0x00007fb4d687f000 nmethod 456 0x0000000121391890 code [0x0000000121391a20, 0x0000000121391af0]
Event: 101.464 Thread 0x00007fb4d687f000  457       1       sun.instrument.TransformerManager$TransformerInfo::transformer (5 bytes)
Event: 101.464 Thread 0x00007fb4d687f000 nmethod 457 0x0000000121391b90 code [0x0000000121391d20, 0x0000000121391df0]
Event: 101.464 Thread 0x00007fb4d687f000  458       3       org.eclipse.jdt.launching.internal.org.objectweb.asm.SymbolTable::addConstantUtf8 (20 bytes)
Event: 101.467 Thread 0x00007fb4d687f000 nmethod 458 0x0000000119ee3410 code [0x0000000119ee35e0, 0x0000000119ee3960]
Event: 119.451 Thread 0x00007fb4d687f000  459       3       org.eclipse.jdt.launching.internal.org.objectweb.asm.ClassReader::readUTF8 (23 bytes)
Event: 119.451 Thread 0x00007fb4d687f000 nmethod 459 0x0000000119ee3b10 code [0x0000000119ee3cc0, 0x0000000119ee3f80]

GC Heap History (0 events):
No events

Deoptimization events (20 events):
Event: 0.983 Thread 0x00007fb4d680f000 DEOPT PACKING pc=0x0000000119eb2f8b sp=0x0000700006e720d0
Event: 0.983 Thread 0x00007fb4d680f000 DEOPT UNPACKING pc=0x00000001198f233a sp=0x0000700006e715b8 mode 0
Event: 0.985 Thread 0x00007fb4d680f000 DEOPT PACKING pc=0x0000000119eb2f8b sp=0x0000700006e720d0
Event: 0.985 Thread 0x00007fb4d680f000 DEOPT UNPACKING pc=0x00000001198f233a sp=0x0000700006e715b8 mode 0
Event: 0.986 Thread 0x00007fb4d680f000 DEOPT PACKING pc=0x0000000119eb2f8b sp=0x0000700006e720d0
Event: 0.986 Thread 0x00007fb4d680f000 DEOPT UNPACKING pc=0x00000001198f233a sp=0x0000700006e715b8 mode 0
Event: 0.991 Thread 0x00007fb4d680f000 DEOPT PACKING pc=0x0000000119eb2f8b sp=0x0000700006e70a20
Event: 0.991 Thread 0x00007fb4d680f000 DEOPT UNPACKING pc=0x00000001198f233a sp=0x0000700006e6ff08 mode 0
Event: 1.108 Thread 0x00007fb4d680f000 Uncommon trap: trap_request=0xffffff45 fr.pc=0x000000012137a0c4 relative=0x0000000000000284
Event: 1.108 Thread 0x00007fb4d680f000 Uncommon trap: reason=unstable_if action=reinterpret pc=0x000000012137a0c4 method=java.lang.String.hashCode()I @ 42 c2
Event: 1.108 Thread 0x00007fb4d680f000 DEOPT PACKING pc=0x000000012137a0c4 sp=0x0000700006e72000
Event: 1.109 Thread 0x00007fb4d680f000 DEOPT UNPACKING pc=0x00000001198f1e25 sp=0x0000700006e71fb8 mode 2
Event: 1.142 Thread 0x00007fb4d680f000 Uncommon trap: trap_request=0xffffff45 fr.pc=0x00000001213809ec relative=0x000000000000006c
Event: 1.142 Thread 0x00007fb4d680f000 Uncommon trap: reason=unstable_if action=reinterpret pc=0x00000001213809ec method=java.lang.String.isLatin1()Z @ 10 c2
Event: 1.142 Thread 0x00007fb4d680f000 DEOPT PACKING pc=0x00000001213809ec sp=0x0000700006e743b0
Event: 1.142 Thread 0x00007fb4d680f000 DEOPT UNPACKING pc=0x00000001198f1e25 sp=0x0000700006e74370 mode 2
Event: 1.142 Thread 0x00007fb4d680f000 Uncommon trap: trap_request=0xffffff45 fr.pc=0x0000000121381bc4 relative=0x0000000000000044
Event: 1.142 Thread 0x00007fb4d680f000 Uncommon trap: reason=unstable_if action=reinterpret pc=0x0000000121381bc4 method=java.lang.CharacterData.of(I)Ljava/lang/CharacterData; @ 4 c2
Event: 1.142 Thread 0x00007fb4d680f000 DEOPT PACKING pc=0x0000000121381bc4 sp=0x0000700006e73ee0
Event: 1.142 Thread 0x00007fb4d680f000 DEOPT UNPACKING pc=0x00000001198f1e25 sp=0x0000700006e73ea0 mode 2

Classes unloaded (0 events):
No events

Classes redefined (2 events):
Event: 101.465 Thread 0x00007fb4d7054000 redefined class name=pies.PieCounter, count=1
Event: 119.452 Thread 0x00007fb4d7054000 redefined class name=pies.PieCounter, count=2

Internal exceptions (4 events):
Event: 0.187 Thread 0x00007fb4d680f000 Exception <a 'java/lang/NoSuchMethodError'{0x0000000787f5f520}: 'int java.lang.invoke.DirectMethodHandle$Holder.invokeSpecial(java.lang.Object, java.lang.Object, java.lang.Object, java.lang.Object)'> (0x0000000787f5f520) 
thrown [./open/src/hotspot/share/interpreter/linkResolver.cpp, line 766]
Event: 0.199 Thread 0x00007fb4d680f000 Exception <a 'java/lang/NoSuchMethodError'{0x0000000787f673d8}: 'void java.lang.invoke.DirectMethodHandle$Holder.invokeVirtual(java.lang.Object, java.lang.Object)'> (0x0000000787f673d8) 
thrown [./open/src/hotspot/share/interpreter/linkResolver.cpp, line 766]
Event: 0.252 Thread 0x00007fb4d680f000 Exception <a 'java/lang/NoSuchMethodError'{0x0000000787fcc258}: 'void java.lang.invoke.DirectMethodHandle$Holder.invokeSpecial(java.lang.Object, java.lang.Object, java.lang.Object, java.lang.Object)'> (0x0000000787fcc258) 
thrown [./open/src/hotspot/share/interpreter/linkResolver.cpp, line 766]
Event: 1.065 Thread 0x00007fb4d680f000 Exception <a 'java/lang/NoSuchMethodError'{0x0000000787b3e500}: 'int java.lang.invoke.DirectMethodHandle$Holder.invokeSpecialIFC(java.lang.Object, java.lang.Object, int)'> (0x0000000787b3e500) 
thrown [./open/src/hotspot/share/interpreter/linkResolver.cpp, line 766]

Events (20 events):
Event: 119.513 Executing VM operation: GetOwnedMonitorInfo
Event: 119.513 Executing VM operation: GetOwnedMonitorInfo done
Event: 119.518 Executing VM operation: GetFrameCount
Event: 119.518 Executing VM operation: GetFrameCount done
Event: 119.518 Executing VM operation: GetStackTrace
Event: 119.518 Executing VM operation: GetStackTrace done
Event: 119.518 Executing VM operation: GetFrameCount
Event: 119.518 Executing VM operation: GetFrameCount done
Event: 119.519 Executing VM operation: GetOwnedMonitorInfo
Event: 119.519 Executing VM operation: GetOwnedMonitorInfo done
Event: 119.519 Executing VM operation: GetCurrentContendedMonitor
Event: 119.519 Executing VM operation: GetCurrentContendedMonitor done
Event: 119.520 Executing VM operation: GetOwnedMonitorInfo
Event: 119.520 Executing VM operation: GetOwnedMonitorInfo done
Event: 119.521 Executing VM operation: GetCurrentContendedMonitor
Event: 119.521 Executing VM operation: GetCurrentContendedMonitor done
Event: 119.521 Executing VM operation: GetCurrentContendedMonitor
Event: 119.521 Executing VM operation: GetCurrentContendedMonitor done
Event: 119.521 Executing VM operation: GetOwnedMonitorInfo
Event: 119.521 Executing VM operation: GetOwnedMonitorInfo done


Dynamic libraries:
0x00007fff6eec0000 	/usr/lib/libz.1.dylib
0x0000000109b16000 	/Library/Java/JavaVirtualMachines/jdk-14.0.2.jdk/Contents/Home/lib/libjli.dylib
0x00007fff34ba3000 	/System/Library/Frameworks/Cocoa.framework/Versions/A/Cocoa
0x00007fff4239c000 	/System/Library/Frameworks/Security.framework/Versions/A/Security
0x00007fff33b08000 	/System/Library/Frameworks/ApplicationServices.framework/Versions/A/ApplicationServices
0x00007fff6c984000 	/usr/lib/libSystem.B.dylib
0x00007fff6f781000 	/usr/lib/system/libcache.dylib
0x00007fff6f787000 	/usr/lib/system/libcommonCrypto.dylib
0x00007fff6f793000 	/usr/lib/system/libcompiler_rt.dylib
0x00007fff6f79b000 	/usr/lib/system/libcopyfile.dylib
0x00007fff6f7a5000 	/usr/lib/system/libcorecrypto.dylib
0x00007fff6f944000 	/usr/lib/system/libdispatch.dylib
0x00007fff6f985000 	/usr/lib/system/libdyld.dylib
0x00007fff6f9bc000 	/usr/lib/system/libkeymgr.dylib
0x00007fff6f9ca000 	/usr/lib/system/liblaunch.dylib
0x00007fff6f9cb000 	/usr/lib/system/libmacho.dylib
0x00007fff6f9d1000 	/usr/lib/system/libquarantine.dylib
0x00007fff6f9d4000 	/usr/lib/system/libremovefile.dylib
0x00007fff6f9d6000 	/usr/lib/system/libsystem_asl.dylib
0x00007fff6f9ee000 	/usr/lib/system/libsystem_blocks.dylib
0x00007fff6f9ef000 	/usr/lib/system/libsystem_c.dylib
0x00007fff6fa77000 	/usr/lib/system/libsystem_configuration.dylib
0x00007fff6fa7b000 	/usr/lib/system/libsystem_coreservices.dylib
0x00007fff6fa7f000 	/usr/lib/system/libsystem_darwin.dylib
0x00007fff6fa88000 	/usr/lib/system/libsystem_dnssd.dylib
0x00007fff6fa90000 	/usr/lib/system/libsystem_featureflags.dylib
0x00007fff6fa92000 	/usr/lib/system/libsystem_info.dylib
0x00007fff6fb0d000 	/usr/lib/system/libsystem_m.dylib
0x00007fff6fb55000 	/usr/lib/system/libsystem_malloc.dylib
0x00007fff6fb7d000 	/usr/lib/system/libsystem_networkextension.dylib
0x00007fff6fb8b000 	/usr/lib/system/libsystem_notify.dylib
0x00007fff6fba9000 	/usr/lib/system/libsystem_sandbox.dylib
0x00007fff6fbae000 	/usr/lib/system/libsystem_secinit.dylib
0x00007fff6fae0000 	/usr/lib/system/libsystem_kernel.dylib
0x00007fff6fb95000 	/usr/lib/system/libsystem_platform.dylib
0x00007fff6fb9e000 	/usr/lib/system/libsystem_pthread.dylib
0x00007fff6fbb1000 	/usr/lib/system/libsystem_symptoms.dylib
0x00007fff6fbb9000 	/usr/lib/system/libsystem_trace.dylib
0x00007fff6fbd1000 	/usr/lib/system/libunwind.dylib
0x00007fff6fbd7000 	/usr/lib/system/libxpc.dylib
0x00007fff6e7e4000 	/usr/lib/libobjc.A.dylib
0x00007fff6ccbd000 	/usr/lib/libc++abi.dylib
0x00007fff6cc6a000 	/usr/lib/libc++.1.dylib
0x00007fff35a45000 	/System/Library/Frameworks/CoreFoundation.framework/Versions/A/CoreFoundation
0x00007fff38102000 	/System/Library/Frameworks/Foundation.framework/Versions/C/Foundation
0x00007fff32cf8000 	/System/Library/Frameworks/AppKit.framework/Versions/C/AppKit
0x00007fff35527000 	/System/Library/Frameworks/CoreData.framework/Versions/A/CoreData
0x00007fff66999000 	/System/Library/PrivateFrameworks/UIFoundation.framework/Versions/A/UIFoundation
0x00007fff61a2d000 	/System/Library/PrivateFrameworks/RemoteViewServices.framework/Versions/A/RemoteViewServices
0x00007fff694f4000 	/System/Library/PrivateFrameworks/XCTTargetBootstrap.framework/Versions/A/XCTTargetBootstrap
0x00007fff35912000 	/System/Library/Frameworks/CoreDisplay.framework/Versions/A/CoreDisplay
0x00007fff3afbd000 	/System/Library/Frameworks/Metal.framework/Versions/A/Metal
0x00007fff4fa30000 	/System/Library/PrivateFrameworks/DesktopServicesPriv.framework/Versions/A/DesktopServicesPriv
0x00007fff6dabf000 	/usr/lib/liblangid.dylib
0x00007fff4ecc5000 	/System/Library/PrivateFrameworks/CoreSVG.framework/Versions/A/CoreSVG
0x00007fff64b89000 	/System/Library/PrivateFrameworks/SkyLight.framework/Versions/A/SkyLight
0x00007fff35ec6000 	/System/Library/Frameworks/CoreGraphics.framework/Versions/A/CoreGraphics
0x00007fff316cc000 	/System/Library/Frameworks/Accelerate.framework/Versions/A/Accelerate
0x00007fff6edb1000 	/usr/lib/libxml2.2.dylib
0x00007fff5a9b8000 	/System/Library/PrivateFrameworks/IconServices.framework/Versions/A/IconServices
0x00007fff388e1000 	/System/Library/Frameworks/IOSurface.framework/Versions/A/IOSurface
0x00007fff6c4ae000 	/usr/lib/libDiagnosticMessagesClient.dylib
0x00007fff4f88a000 	/System/Library/PrivateFrameworks/DFRFoundation.framework/Versions/A/DFRFoundation
0x00007fff6d84e000 	/usr/lib/libicucore.A.dylib
0x00007fff33e3a000 	/System/Library/Frameworks/AudioToolbox.framework/Versions/A/AudioToolbox
0x00007fff33f1d000 	/System/Library/Frameworks/AudioUnit.framework/Versions/A/AudioUnit
0x00007fff6cb86000 	/usr/lib/libauto.dylib
0x00007fff4f92c000 	/System/Library/PrivateFrameworks/DataDetectorsCore.framework/Versions/A/DataDetectorsCore
0x00007fff346c4000 	/System/Library/Frameworks/Carbon.framework/Versions/A/Frameworks/HIToolbox.framework/Versions/A/HIToolbox
0x00007fff41596000 	/System/Library/Frameworks/QuartzCore.framework/Versions/A/QuartzCore
0x00007fff34a03000 	/System/Library/Frameworks/Carbon.framework/Versions/A/Frameworks/SpeechRecognition.framework/Versions/A/SpeechRecognition
0x00007fff4f39e000 	/System/Library/PrivateFrameworks/CoreUI.framework/Versions/A/CoreUI
0x00007fff34f92000 	/System/Library/Frameworks/CoreAudio.framework/Versions/A/CoreAudio
0x00007fff37dc1000 	/System/Library/Frameworks/DiskArbitration.framework/Versions/A/DiskArbitration
0x00007fff5ca08000 	/System/Library/PrivateFrameworks/MultitouchSupport.framework/Versions/A/MultitouchSupport
0x00007fff6d715000 	/usr/lib/libenergytrace.dylib
0x00007fff3883b000 	/System/Library/Frameworks/IOKit.framework/Versions/A/IOKit
0x00007fff36e2d000 	/System/Library/Frameworks/CoreServices.framework/Versions/A/CoreServices
0x00007fff5ebc0000 	/System/Library/PrivateFrameworks/PerformanceAnalysis.framework/Versions/A/PerformanceAnalysis
0x00007fff405c9000 	/System/Library/Frameworks/OpenGL.framework/Versions/A/OpenGL
0x00007fff34bb1000 	/System/Library/Frameworks/ColorSync.framework/Versions/A/ColorSync
0x00007fff36549000 	/System/Library/Frameworks/CoreImage.framework/Versions/A/CoreImage
0x00007fff378a0000 	/System/Library/Frameworks/CoreText.framework/Versions/A/CoreText
0x00007fff38971000 	/System/Library/Frameworks/ImageIO.framework/Versions/A/ImageIO
0x00007fff6cce6000 	/usr/lib/libcompression.dylib
0x00007fff6c7f2000 	/usr/lib/libMobileGestalt.dylib
0x00007fff66703000 	/System/Library/PrivateFrameworks/TextureIO.framework/Versions/A/TextureIO
0x00007fff6cae9000 	/usr/lib/libate.dylib
0x00007fff5abc1000 	/System/Library/PrivateFrameworks/InternationalSupport.framework/Versions/A/InternationalSupport
0x00007fff6dac1000 	/usr/lib/liblzma.5.dylib
0x00007fff6d73c000 	/usr/lib/libfakelink.dylib
0x00007fff6ca76000 	/usr/lib/libarchive.2.dylib
0x00007fff4344d000 	/System/Library/Frameworks/SystemConfiguration.framework/Versions/A/SystemConfiguration
0x00007fff6c3e1000 	/usr/lib/libCRFSuite.dylib
0x00007fff342b4000 	/System/Library/Frameworks/CFNetwork.framework/Versions/A/CFNetwork
0x00007fff6cc4c000 	/usr/lib/libbsm.0.dylib
0x00007fff6f9bd000 	/usr/lib/system/libkxld.dylib
0x00007fff49207000 	/System/Library/PrivateFrameworks/AppleFSCompression.framework/Versions/A/AppleFSCompression
0x00007fff6cfd7000 	/usr/lib/libcoretls.dylib
0x00007fff6cfee000 	/usr/lib/libcoretls_cfhelpers.dylib
0x00007fff6e82a000 	/usr/lib/libpam.2.dylib
0x00007fff6e95f000 	/usr/lib/libsqlite3.dylib
0x00007fff6ed9e000 	/usr/lib/libxar.1.dylib
0x00007fff6cc5d000 	/usr/lib/libbz2.1.0.dylib
0x00007fff6d75d000 	/usr/lib/libiconv.2.dylib
0x00007fff6ccd3000 	/usr/lib/libcharset.1.dylib
0x00007fff6e2c7000 	/usr/lib/libnetwork.dylib
0x00007fff6e831000 	/usr/lib/libpcap.A.dylib
0x00007fff6ca2b000 	/usr/lib/libapple_nghttp2.dylib
0x00007fff371e4000 	/System/Library/Frameworks/CoreServices.framework/Versions/A/Frameworks/FSEvents.framework/Versions/A/FSEvents
0x00007fff36eb4000 	/System/Library/Frameworks/CoreServices.framework/Versions/A/Frameworks/CarbonCore.framework/Versions/A/CarbonCore
0x00007fff37428000 	/System/Library/Frameworks/CoreServices.framework/Versions/A/Frameworks/Metadata.framework/Versions/A/Metadata
0x00007fff374c1000 	/System/Library/Frameworks/CoreServices.framework/Versions/A/Frameworks/OSServices.framework/Versions/A/OSServices
0x00007fff374ef000 	/System/Library/Frameworks/CoreServices.framework/Versions/A/Frameworks/SearchKit.framework/Versions/A/SearchKit
0x00007fff36e2e000 	/System/Library/Frameworks/CoreServices.framework/Versions/A/Frameworks/AE.framework/Versions/A/AE
0x00007fff371ed000 	/System/Library/Frameworks/CoreServices.framework/Versions/A/Frameworks/LaunchServices.framework/Versions/A/LaunchServices
0x00007fff37196000 	/System/Library/Frameworks/CoreServices.framework/Versions/A/Frameworks/DictionaryServices.framework/Versions/A/DictionaryServices
0x00007fff37557000 	/System/Library/Frameworks/CoreServices.framework/Versions/A/Frameworks/SharedFileList.framework/Versions/A/SharedFileList
0x00007fff3c3e8000 	/System/Library/Frameworks/NetFS.framework/Versions/A/NetFS
0x00007fff5cf38000 	/System/Library/PrivateFrameworks/NetAuth.framework/Versions/A/NetAuth
0x00007fff698c1000 	/System/Library/PrivateFrameworks/login.framework/Versions/A/Frameworks/loginsupport.framework/Versions/A/loginsupport
0x00007fff661ce000 	/System/Library/PrivateFrameworks/TCC.framework/Versions/A/TCC
0x00007fff4de38000 	/System/Library/PrivateFrameworks/CoreNLP.framework/Versions/A/CoreNLP
0x00007fff5c435000 	/System/Library/PrivateFrameworks/MetadataUtilities.framework/Versions/A/MetadataUtilities
0x00007fff6db99000 	/usr/lib/libmecabra.dylib
0x00007fff6daf1000 	/usr/lib/libmecab.dylib
0x00007fff6d74d000 	/usr/lib/libgermantok.dylib
0x00007fff6ca12000 	/usr/lib/libThaiTokenizer.dylib
0x00007fff6c418000 	/usr/lib/libChineseTokenizer.dylib
0x00007fff316e4000 	/System/Library/Frameworks/Accelerate.framework/Versions/A/Frameworks/vImage.framework/Versions/A/vImage
0x00007fff32b4e000 	/System/Library/Frameworks/Accelerate.framework/Versions/A/Frameworks/vecLib.framework/Versions/A/vecLib
0x00007fff32a8b000 	/System/Library/Frameworks/Accelerate.framework/Versions/A/Frameworks/vecLib.framework/Versions/A/libvMisc.dylib
0x00007fff328b3000 	/System/Library/Frameworks/Accelerate.framework/Versions/A/Frameworks/vecLib.framework/Versions/A/libvDSP.dylib
0x00007fff31d3b000 	/System/Library/Frameworks/Accelerate.framework/Versions/A/Frameworks/vecLib.framework/Versions/A/libBLAS.dylib
0x00007fff32477000 	/System/Library/Frameworks/Accelerate.framework/Versions/A/Frameworks/vecLib.framework/Versions/A/libLAPACK.dylib
0x00007fff32813000 	/System/Library/Frameworks/Accelerate.framework/Versions/A/Frameworks/vecLib.framework/Versions/A/libLinearAlgebra.dylib
0x00007fff328a0000 	/System/Library/Frameworks/Accelerate.framework/Versions/A/Frameworks/vecLib.framework/Versions/A/libSparseBLAS.dylib
0x00007fff32829000 	/System/Library/Frameworks/Accelerate.framework/Versions/A/Frameworks/vecLib.framework/Versions/A/libQuadrature.dylib
0x00007fff31fa3000 	/System/Library/Frameworks/Accelerate.framework/Versions/A/Frameworks/vecLib.framework/Versions/A/libBNNS.dylib
0x00007fff3282f000 	/System/Library/Frameworks/Accelerate.framework/Versions/A/Frameworks/vecLib.framework/Versions/A/libSparse.dylib
0x00007fff5afa9000 	/System/Library/PrivateFrameworks/LanguageModeling.framework/Versions/A/LanguageModeling
0x00007fff4d7e8000 	/System/Library/PrivateFrameworks/CoreEmoji.framework/Versions/A/CoreEmoji
0x00007fff5b0c7000 	/System/Library/PrivateFrameworks/LinguisticData.framework/Versions/A/LinguisticData
0x00007fff5b078000 	/System/Library/PrivateFrameworks/Lexicon.framework/Versions/A/Lexicon
0x00007fff6ccd4000 	/usr/lib/libcmph.dylib
0x00007fff3efd7000 	/System/Library/Frameworks/OpenDirectory.framework/Versions/A/Frameworks/CFOpenDirectory.framework/Versions/A/CFOpenDirectory
0x00007fff3eff4000 	/System/Library/Frameworks/OpenDirectory.framework/Versions/A/OpenDirectory
0x00007fff47437000 	/System/Library/PrivateFrameworks/APFS.framework/Versions/A/APFS
0x00007fff426e6000 	/System/Library/Frameworks/SecurityFoundation.framework/Versions/A/SecurityFoundation
0x00007fff6ed9a000 	/usr/lib/libutil.dylib
0x00007fff4ed1d000 	/System/Library/PrivateFrameworks/CoreServicesStore.framework/Versions/A/CoreServicesStore
0x00007fff4279d000 	/System/Library/Frameworks/ServiceManagement.framework/Versions/A/ServiceManagement
0x00007fff4a9d7000 	/System/Library/PrivateFrameworks/BackgroundTaskManagement.framework/Versions/A/BackgroundTaskManagement
0x00007fff6ee97000 	/usr/lib/libxslt.1.dylib
0x00007fff4987a000 	/System/Library/PrivateFrameworks/AppleSystemInfo.framework/Versions/A/AppleSystemInfo
0x00007fff38b8c000 	/System/Library/Frameworks/ImageIO.framework/Versions/A/Resources/libJPEG.dylib
0x00007fff38e4b000 	/System/Library/Frameworks/ImageIO.framework/Versions/A/Resources/libTIFF.dylib
0x00007fff38e2e000 	/System/Library/Frameworks/ImageIO.framework/Versions/A/Resources/libPng.dylib
0x00007fff38ace000 	/System/Library/Frameworks/ImageIO.framework/Versions/A/Resources/libGIF.dylib
0x00007fff38ad2000 	/System/Library/Frameworks/ImageIO.framework/Versions/A/Resources/libJP2.dylib
0x00007fff38e49000 	/System/Library/Frameworks/ImageIO.framework/Versions/A/Resources/libRadiance.dylib
0x00007fff6d716000 	/usr/lib/libexpat.1.dylib
0x00007fff49362000 	/System/Library/PrivateFrameworks/AppleJPEG.framework/Versions/A/AppleJPEG
0x00007fff5201d000 	/System/Library/PrivateFrameworks/FontServices.framework/libFontParser.dylib
0x00007fff688c3000 	/System/Library/PrivateFrameworks/WatchdogClient.framework/Versions/A/WatchdogClient
0x00007fff5a604000 	/System/Library/PrivateFrameworks/IOAccelerator.framework/Versions/A/IOAccelerator
0x00007fff3b358000 	/System/Library/Frameworks/MetalPerformanceShaders.framework/Versions/A/MetalPerformanceShaders
0x00007fff56d9a000 	/System/Library/PrivateFrameworks/GPUWrangler.framework/Versions/A/GPUWrangler
0x00007fff5a619000 	/System/Library/PrivateFrameworks/IOPresentment.framework/Versions/A/IOPresentment
0x00007fff4f89d000 	/System/Library/PrivateFrameworks/DSExternalDisplay.framework/Versions/A/DSExternalDisplay
0x00007fff3f968000 	/System/Library/Frameworks/OpenGL.framework/Versions/A/Libraries/libCoreFSCache.dylib
0x00007fff3b0a4000 	/System/Library/Frameworks/MetalPerformanceShaders.framework/Frameworks/MPSCore.framework/Versions/A/MPSCore
0x00007fff3b0e2000 	/System/Library/Frameworks/MetalPerformanceShaders.framework/Frameworks/MPSImage.framework/Versions/A/MPSImage
0x00007fff3b1a9000 	/System/Library/Frameworks/MetalPerformanceShaders.framework/Frameworks/MPSNeuralNetwork.framework/Versions/A/MPSNeuralNetwork
0x00007fff3b16d000 	/System/Library/Frameworks/MetalPerformanceShaders.framework/Frameworks/MPSMatrix.framework/Versions/A/MPSMatrix
0x00007fff3b308000 	/System/Library/Frameworks/MetalPerformanceShaders.framework/Frameworks/MPSRayIntersector.framework/Versions/A/MPSRayIntersector
0x00007fff3b193000 	/System/Library/Frameworks/MetalPerformanceShaders.framework/Frameworks/MPSNDArray.framework/Versions/A/MPSNDArray
0x00007fff5c482000 	/System/Library/PrivateFrameworks/MetalTools.framework/Versions/A/MetalTools
0x00007fff48611000 	/System/Library/PrivateFrameworks/AggregateDictionary.framework/Versions/A/AggregateDictionary
0x00007fff4d230000 	/System/Library/PrivateFrameworks/CoreAnalytics.framework/Versions/A/CoreAnalytics
0x00007fff49799000 	/System/Library/PrivateFrameworks/AppleSauce.framework/Versions/A/AppleSauce
0x00007fff6c6d4000 	/usr/lib/libIOReport.dylib
0x00007fff37a58000 	/System/Library/Frameworks/CoreVideo.framework/Versions/A/CoreVideo
0x00007fff58213000 	/System/Library/PrivateFrameworks/GraphVisualizer.framework/Versions/A/GraphVisualizer
0x00007fff51563000 	/System/Library/PrivateFrameworks/FaceCore.framework/Versions/A/FaceCore
0x00007fff3ef7e000 	/System/Library/Frameworks/OpenCL.framework/Versions/A/OpenCL
0x00007fff6c4f6000 	/usr/lib/libFosl_dynamic.dylib
0x00007fff5d958000 	/System/Library/PrivateFrameworks/OTSVG.framework/Versions/A/OTSVG
0x00007fff33c0d000 	/System/Library/Frameworks/ApplicationServices.framework/Versions/A/Frameworks/ATS.framework/Versions/A/Resources/libFontRegistry.dylib
0x00007fff521ee000 	/System/Library/PrivateFrameworks/FontServices.framework/libhvf.dylib
0x00007fff3f973000 	/System/Library/Frameworks/OpenGL.framework/Versions/A/Libraries/libGFXShared.dylib
0x00007fff3fb51000 	/System/Library/Frameworks/OpenGL.framework/Versions/A/Libraries/libGLU.dylib
0x00007fff3f97c000 	/System/Library/Frameworks/OpenGL.framework/Versions/A/Libraries/libGL.dylib
0x00007fff3f987000 	/System/Library/Frameworks/OpenGL.framework/Versions/A/Libraries/libGLImage.dylib
0x00007fff3f965000 	/System/Library/Frameworks/OpenGL.framework/Versions/A/Libraries/libCVMSPluginSupport.dylib
0x00007fff3f96e000 	/System/Library/Frameworks/OpenGL.framework/Versions/A/Libraries/libCoreVMClient.dylib
0x00007fff6e168000 	/usr/lib/libncurses.5.4.dylib
0x00007fff33b09000 	/System/Library/Frameworks/ApplicationServices.framework/Versions/A/Frameworks/ATS.framework/Versions/A/ATS
0x00007fff33cd6000 	/System/Library/Frameworks/ApplicationServices.framework/Versions/A/Frameworks/ColorSyncLegacy.framework/Versions/A/ColorSyncLegacy
0x00007fff33d74000 	/System/Library/Frameworks/ApplicationServices.framework/Versions/A/Frameworks/HIServices.framework/Versions/A/HIServices
0x00007fff33dcc000 	/System/Library/Frameworks/ApplicationServices.framework/Versions/A/Frameworks/LangAnalysis.framework/Versions/A/LangAnalysis
0x00007fff33ddb000 	/System/Library/Frameworks/ApplicationServices.framework/Versions/A/Frameworks/PrintCore.framework/Versions/A/PrintCore
0x00007fff33e21000 	/System/Library/Frameworks/ApplicationServices.framework/Versions/A/Frameworks/QD.framework/Versions/A/QD
0x00007fff33e2c000 	/System/Library/Frameworks/ApplicationServices.framework/Versions/A/Frameworks/SpeechSynthesis.framework/Versions/A/SpeechSynthesis
0x00007fff33ca6000 	/System/Library/Frameworks/ApplicationServices.framework/Versions/A/Frameworks/ATSUI.framework/Versions/A/ATSUI
0x00007fff6d5ac000 	/usr/lib/libcups.2.dylib
0x00007fff3a3f3000 	/System/Library/Frameworks/Kerberos.framework/Versions/A/Kerberos
0x00007fff38534000 	/System/Library/Frameworks/GSS.framework/Versions/A/GSS
0x00007fff6e8eb000 	/usr/lib/libresolv.9.dylib
0x00007fff583c0000 	/System/Library/PrivateFrameworks/Heimdal.framework/Versions/A/Heimdal
0x00007fff3a406000 	/System/Library/Frameworks/Kerberos.framework/Versions/A/Libraries/libHeimdalProxy.dylib
0x00007fff6d753000 	/usr/lib/libheimdal-asn1.dylib
0x00007fff4c6c8000 	/System/Library/PrivateFrameworks/CommonAuth.framework/Versions/A/CommonAuth
0x00007fff49917000 	/System/Library/PrivateFrameworks/AssertionServices.framework/Versions/A/AssertionServices
0x00007fff4a4ba000 	/System/Library/PrivateFrameworks/AudioToolboxCore.framework/Versions/A/AudioToolboxCore
0x00007fff69571000 	/System/Library/PrivateFrameworks/caulk.framework/Versions/A/caulk
0x00007fff4aa83000 	/System/Library/PrivateFrameworks/BaseBoard.framework/Versions/A/BaseBoard
0x00007fff61bbb000 	/System/Library/PrivateFrameworks/RunningBoardServices.framework/Versions/A/RunningBoardServices
0x00007fff5ebcc000 	/System/Library/PrivateFrameworks/PersistentConnection.framework/Versions/A/PersistentConnection
0x00007fff615b4000 	/System/Library/PrivateFrameworks/ProtocolBuffer.framework/Versions/A/ProtocolBuffer
0x00007fff4c6ec000 	/System/Library/PrivateFrameworks/CommonUtilities.framework/Versions/A/CommonUtilities
0x00007fff4ac11000 	/System/Library/PrivateFrameworks/Bom.framework/Versions/A/Bom
0x00007fff6c3a7000 	/usr/lib/libAudioToolboxUtility.dylib
0x00007fff4a9e1000 	/System/Library/PrivateFrameworks/Backup.framework/Versions/A/Backup
0x00007fff4f7be000 	/System/Library/PrivateFrameworks/CrashReporterSupport.framework/Versions/A/CrashReporterSupport
0x00007fff6364d000 	/System/Library/PrivateFrameworks/Sharing.framework/Versions/A/Sharing
0x00007fff48f25000 	/System/Library/PrivateFrameworks/Apple80211.framework/Versions/A/Apple80211
0x00007fff4a6fe000 	/System/Library/PrivateFrameworks/AuthKit.framework/Versions/A/AuthKit
0x00007fff4f4cb000 	/System/Library/PrivateFrameworks/CoreUtils.framework/Versions/A/CoreUtils
0x00007fff37a9d000 	/System/Library/Frameworks/CoreWLAN.framework/Versions/A/CoreWLAN
0x00007fff386c1000 	/System/Library/Frameworks/IOBluetooth.framework/Versions/A/IOBluetooth
0x00007fff5c787000 	/System/Library/PrivateFrameworks/MobileKeyBag.framework/Versions/A/MobileKeyBag
0x00007fff4e2d0000 	/System/Library/PrivateFrameworks/CorePhoneNumbers.framework/Versions/A/CorePhoneNumbers
0x00007fff49315000 	/System/Library/PrivateFrameworks/AppleIDAuthSupport.framework/Versions/A/AppleIDAuthSupport
0x00007fff3c3f5000 	/System/Library/Frameworks/Network.framework/Versions/A/Network
0x00007fff5ae55000 	/System/Library/PrivateFrameworks/KeychainCircle.framework/Versions/A/KeychainCircle
0x00007fff354ee000 	/System/Library/Frameworks/CoreBluetooth.framework/Versions/A/CoreBluetooth
0x00007fff656cc000 	/System/Library/PrivateFrameworks/SpeechRecognitionCore.framework/Versions/A/SpeechRecognitionCore
0x000000010a400000 	/Library/Java/JavaVirtualMachines/jdk-14.0.2.jdk/Contents/Home/lib/server/libjvm.dylib
0x0000000109b36000 	/Library/Java/JavaVirtualMachines/jdk-14.0.2.jdk/Contents/Home/lib/libjimage.dylib
0x0000000109b43000 	/Library/Java/JavaVirtualMachines/jdk-14.0.2.jdk/Contents/Home/lib/libjdwp.dylib
0x0000000109b7f000 	/Library/Java/JavaVirtualMachines/jdk-14.0.2.jdk/Contents/Home/lib/libjava.dylib
0x0000000109ba7000 	/Library/Java/JavaVirtualMachines/jdk-14.0.2.jdk/Contents/Home/lib/libinstrument.dylib
0x000000010b18a000 	/Library/Java/JavaVirtualMachines/jdk-14.0.2.jdk/Contents/Home/lib/libzip.dylib
0x00000001107cc000 	/Library/Java/JavaVirtualMachines/jdk-14.0.2.jdk/Contents/Home/lib/libnio.dylib
0x00000001107df000 	/Library/Java/JavaVirtualMachines/jdk-14.0.2.jdk/Contents/Home/lib/libnet.dylib
0x00000001107f7000 	/Library/Java/JavaVirtualMachines/jdk-14.0.2.jdk/Contents/Home/lib/libdt_socket.dylib
0x0000000110801000 	/Library/Java/JavaVirtualMachines/jdk-14.0.2.jdk/Contents/Home/lib/libverify.dylib


VM Arguments:
jvm_args: -XX:+ShowCodeDetailsInExceptionMessages -agentlib:jdwp=transport=dt_socket,suspend=y,address=localhost:49941 -javaagent:/Applications/Eclipse.app/Contents/Eclipse/configuration/org.eclipse.osgi/644/0/.cp/lib/javaagent-shaded.jar -Dfile.encoding=UTF-8 --module-path=/Users/allanhu/Documents/Computer_Science_Workspace/pies/bin -Djdk.module.main=pies 
java_command: pies/pies.PieCounter
java_class_path (initial): <not set>
Launcher Type: SUN_STANDARD

[Global flags]
     intx CICompilerCount                          = 3                                         {product} {ergonomic}
     uint ConcGCThreads                            = 1                                         {product} {ergonomic}
     uint G1ConcRefinementThreads                  = 4                                         {product} {ergonomic}
   size_t G1HeapRegionSize                         = 1048576                                   {product} {ergonomic}
    uintx GCDrainStackTargetSize                   = 64                                        {product} {ergonomic}
   size_t InitialHeapSize                          = 134217728                                 {product} {ergonomic}
   size_t MarkStackSize                            = 4194304                                   {product} {ergonomic}
   size_t MaxHeapSize                              = 2147483648                                {product} {ergonomic}
   size_t MaxNewSize                               = 1287651328                                {product} {ergonomic}
   size_t MinHeapDeltaBytes                        = 1048576                                   {product} {ergonomic}
   size_t MinHeapSize                              = 8388608                                   {product} {ergonomic}
    uintx NonNMethodCodeHeapSize                   = 5832780                                {pd product} {ergonomic}
    uintx NonProfiledCodeHeapSize                  = 122912730                              {pd product} {ergonomic}
    uintx ProfiledCodeHeapSize                     = 122912730                              {pd product} {ergonomic}
    uintx ReservedCodeCacheSize                    = 251658240                              {pd product} {ergonomic}
     bool SegmentedCodeCache                       = true                                      {product} {ergonomic}
     bool ShowCodeDetailsInExceptionMessages       = true                                   {manageable} {command line}
   size_t SoftMaxHeapSize                          = 2147483648                             {manageable} {ergonomic}
     bool UseCompressedClassPointers               = true                                 {lp64_product} {ergonomic}
     bool UseCompressedOops                        = true                                 {lp64_product} {ergonomic}
     bool UseG1GC                                  = true                                      {product} {ergonomic}

Logging:
Log output configuration:
 #0: stdout all=warning uptime,level,tags
 #1: stderr all=off uptime,level,tags

Environment Variables:
PATH=/usr/bin:/bin:/usr/sbin:/sbin
SHELL=/bin/zsh

Signal Handlers:
SIGSEGV: [libjvm.dylib+0x7415b8], sa_mask[0]=11111111011111110111111111111111, sa_flags=SA_ONSTACK|SA_RESTART|SA_SIGINFO
SIGBUS: [libjvm.dylib+0x7415b8], sa_mask[0]=11111111011111110111111111111111, sa_flags=SA_RESTART|SA_SIGINFO
SIGFPE: [libjvm.dylib+0x7415b8], sa_mask[0]=11111111011111110111111111111111, sa_flags=SA_RESTART|SA_SIGINFO
SIGPIPE: [libjvm.dylib+0x5eb4b1], sa_mask[0]=11111111011111110111111111111111, sa_flags=SA_RESTART|SA_SIGINFO
SIGXFSZ: [libjvm.dylib+0x5eb4b1], sa_mask[0]=11111111011111110111111111111111, sa_flags=SA_RESTART|SA_SIGINFO
SIGILL: [libjvm.dylib+0x7415b8], sa_mask[0]=11111111011111110111111111111111, sa_flags=SA_RESTART|SA_SIGINFO
SIGUSR2: [libjvm.dylib+0x5eba83], sa_mask[0]=00100000000000000000000000000000, sa_flags=SA_RESTART|SA_SIGINFO
SIGHUP: [libjvm.dylib+0x5eaae5], sa_mask[0]=11111111011111110111111111111111, sa_flags=SA_RESTART|SA_SIGINFO
SIGINT: [libjvm.dylib+0x5eaae5], sa_mask[0]=11111111011111110111111111111111, sa_flags=SA_RESTART|SA_SIGINFO
SIGTERM: [libjvm.dylib+0x5eaae5], sa_mask[0]=11111111011111110111111111111111, sa_flags=SA_RESTART|SA_SIGINFO
SIGQUIT: [libjvm.dylib+0x5eaae5], sa_mask[0]=11111111011111110111111111111111, sa_flags=SA_RESTART|SA_SIGINFO


---------------  S Y S T E M  ---------------

OS:uname:Darwin 19.6.0 Darwin Kernel Version 19.6.0: Mon Aug 31 22:12:52 PDT 2020; root:xnu-6153.141.2~1/RELEASE_X86_64 x86_64
OS uptime: 0 days 3:06 hours
rlimit: STACK 8192k, CORE 0k, NPROC 1392, NOFILE 10240, AS infinity, DATA infinity, FSIZE infinity
load average:2.23 2.72 2.68

CPU:total 4 (initial active 4) (2 cores per cpu, 2 threads per core) family 6 model 61 stepping 4, cmov, cx8, fxsr, mmx, sse, sse2, sse3, ssse3, sse4.1, sse4.2, popcnt, avx, avx2, aes, clmul, erms, 3dnowpref, lzcnt, ht, tsc, tscinvbit, bmi1, bmi2, adx, fma

Memory: 4k page, physical 8388608k(245016k free), swap 0k(0k free)

vm_info: Java HotSpot(TM) 64-Bit Server VM (14.0.2+12-46) for bsd-amd64 JRE (14.0.2+12-46), built on Jul  8 2020 23:32:31 by "mach5one" with clang 4.2.1 Compatible Apple LLVM 10.0.0 (clang-1000.11.45.5)

END.
